{"level":"error","msg":"Unable to add ACME provider to the providers list: unable to get ACME account: permissions 644 for acme.json are too open, please use 600","time":"2023-04-06T14:10:08Z"}
{"level":"error","msg":"Cannot start the provider *file.Provider: /config/config.yml: yaml: line 5: found character that cannot start any token","time":"2023-04-06T14:10:08Z"}
{"entryPointName":"http","level":"error","msg":"middleware \"https-redirect@file\" does not exist","routerName":"app@docker","time":"2023-04-06T14:10:08Z"}
{"entryPointName":"https","level":"error","msg":"middleware \"secured@file\" does not exist","routerName":"app-secure@docker","time":"2023-04-06T14:10:08Z"}
{"level":"error","msg":"the router traefik-secure uses a non-existent resolver: http","time":"2023-04-06T14:10:09Z"}
{"level":"error","msg":"the router app-secure uses a non-existent resolver: http","time":"2023-04-06T14:10:09Z"}
{"level":"error","msg":"Error while Peeking first byte: read tcp 192.168.192.2:80-\u003e45.79.163.53:48801: read: connection reset by peer","time":"2023-04-06T15:02:41Z"}
{"level":"error","msg":"Error while Peeking first byte: read tcp 192.168.192.2:443-\u003e69.164.217.74:50672: read: connection reset by peer","time":"2023-04-06T15:02:53Z"}
{"level":"error","msg":"Error while Peeking first byte: read tcp 192.168.192.2:80-\u003e167.94.138.52:46856: read: connection reset by peer","time":"2023-04-06T19:25:26Z"}
{"level":"error","msg":"Error while Peeking first byte: read tcp 192.168.192.2:443-\u003e167.94.138.34:33806: read: connection reset by peer","time":"2023-04-06T20:22:19Z"}
{"level":"error","msg":"Error while Peeking first byte: read tcp 192.168.192.2:443-\u003e176.113.115.51:50582: read: connection timed out","time":"2023-04-06T22:26:10Z"}
{"level":"error","msg":"Error while Peeking first byte: read tcp 192.168.192.2:443-\u003e167.94.138.52:36488: read: connection reset by peer","time":"2023-04-06T22:47:06Z"}
{"level":"error","msg":"Error while Peeking first byte: read tcp 192.168.192.2:443-\u003e162.142.125.224:58000: read: connection reset by peer","time":"2023-04-07T03:32:55Z"}
{"level":"error","msg":"Error while Peeking first byte: read tcp 192.168.192.2:80-\u003e167.94.146.59:40784: read: connection reset by peer","time":"2023-04-07T04:39:14Z"}
{"level":"error","msg":"Error while Peeking first byte: read tcp 192.168.192.2:80-\u003e5.234.33.49:29426: read: connection timed out","time":"2023-04-07T08:11:37Z"}
{"entryPointName":"https","level":"error","msg":"accept tcp [::]:443: use of closed network connection","time":"2023-04-07T10:01:12Z"}
{"entryPointName":"http","level":"error","msg":"accept tcp [::]:80: use of closed network connection","time":"2023-04-07T10:01:12Z"}
{"level":"error","msg":"Unable to add ACME provider to the providers list: unable to get ACME account: permissions 644 for acme.json are too open, please use 600","time":"2023-04-07T10:02:01Z"}
{"level":"error","msg":"Cannot start the provider *file.Provider: /config/config.yml: yaml: line 5: found character that cannot start any token","time":"2023-04-07T10:02:02Z"}
{"entryPointName":"http","level":"error","msg":"middleware \"https-redirect@file\" does not exist","routerName":"app@docker","time":"2023-04-07T10:02:02Z"}
{"entryPointName":"https","level":"error","msg":"middleware \"secured@file\" does not exist","routerName":"app-secure@docker","time":"2023-04-07T10:02:02Z"}
{"level":"error","msg":"the router app-secure uses a non-existent resolver: http","time":"2023-04-07T10:02:02Z"}
{"level":"error","msg":"the router traefik-secure uses a non-existent resolver: http","time":"2023-04-07T10:02:02Z"}
{"entryPointName":"http","level":"error","msg":"middleware \"https-redirect@file\" does not exist","routerName":"app@docker","time":"2023-04-07T10:02:04Z"}
{"entryPointName":"https","level":"error","msg":"middleware \"secured@file\" does not exist","routerName":"app-secure@docker","time":"2023-04-07T10:02:04Z"}
{"level":"error","msg":"the router traefik-secure uses a non-existent resolver: http","time":"2023-04-07T10:02:04Z"}
{"level":"error","msg":"the router app-secure uses a non-existent resolver: http","time":"2023-04-07T10:02:04Z"}
{"entryPointName":"https","level":"error","msg":"accept tcp [::]:443: use of closed network connection","time":"2023-04-07T10:08:44Z"}
{"entryPointName":"http","level":"error","msg":"accept tcp [::]:80: use of closed network connection","time":"2023-04-07T10:08:44Z"}
{"entryPointName":"http","level":"error","msg":"middleware \"https-redirect@file\" does not exist","routerName":"app@docker","time":"2023-04-07T10:08:44Z"}
{"entryPointName":"https","level":"error","msg":"middleware \"secured@file\" does not exist","routerName":"app-secure@docker","time":"2023-04-07T10:08:44Z"}
{"level":"error","msg":"Unable to add ACME provider to the providers list: unable to get ACME account: permissions 644 for acme.json are too open, please use 600","time":"2023-04-07T10:08:48Z"}
{"level":"error","msg":"Cannot start the provider *file.Provider: /config/config.yml: yaml: line 5: found character that cannot start any token","time":"2023-04-07T10:08:50Z"}
{"entryPointName":"http","level":"error","msg":"middleware \"https-redirect@file\" does not exist","routerName":"app@docker","time":"2023-04-07T10:08:50Z"}
{"entryPointName":"https","level":"error","msg":"middleware \"secured@file\" does not exist","routerName":"app-secure@docker","time":"2023-04-07T10:08:50Z"}
{"level":"error","msg":"the router traefik-secure uses a non-existent resolver: http","time":"2023-04-07T10:08:50Z"}
{"level":"error","msg":"the router app-secure uses a non-existent resolver: http","time":"2023-04-07T10:08:50Z"}
{"entryPointName":"https","level":"error","msg":"accept tcp [::]:443: use of closed network connection","time":"2023-04-07T10:10:09Z"}
{"entryPointName":"http","level":"error","msg":"accept tcp [::]:80: use of closed network connection","time":"2023-04-07T10:10:09Z"}
{"entryPointName":"http","level":"error","msg":"middleware \"https-redirect@file\" does not exist","routerName":"app@docker","time":"2023-04-07T10:10:09Z"}
{"entryPointName":"https","level":"error","msg":"middleware \"secured@file\" does not exist","routerName":"app-secure@docker","time":"2023-04-07T10:10:09Z"}
{"level":"error","msg":"the router app-secure uses a non-existent resolver: http","time":"2023-04-07T10:10:09Z"}
{"level":"error","msg":"the router traefik-secure uses a non-existent resolver: http","time":"2023-04-07T10:10:09Z"}
{"level":"error","msg":"Unable to add ACME provider to the providers list: unable to get ACME account: permissions 644 for acme.json are too open, please use 600","time":"2023-04-07T10:10:13Z"}
{"level":"error","msg":"Cannot start the provider *file.Provider: /config/config.yml: yaml: line 5: found character that cannot start any token","time":"2023-04-07T10:10:13Z"}
{"entryPointName":"http","level":"error","msg":"middleware \"https-redirect@file\" does not exist","routerName":"app@docker","time":"2023-04-07T10:10:13Z"}
{"entryPointName":"https","level":"error","msg":"middleware \"secured@file\" does not exist","routerName":"app-secure@docker","time":"2023-04-07T10:10:13Z"}
{"level":"error","msg":"the router traefik-secure uses a non-existent resolver: http","time":"2023-04-07T10:10:13Z"}
{"level":"error","msg":"the router app-secure uses a non-existent resolver: http","time":"2023-04-07T10:10:13Z"}
{"entryPointName":"http","level":"error","msg":"middleware \"https-redirect@file\" does not exist","routerName":"app@docker","time":"2023-04-07T10:10:15Z"}
{"entryPointName":"https","level":"error","msg":"middleware \"secured@file\" does not exist","routerName":"app-secure@docker","time":"2023-04-07T10:10:15Z"}
{"level":"error","msg":"the router app-secure uses a non-existent resolver: http","time":"2023-04-07T10:10:15Z"}
{"level":"error","msg":"the router traefik-secure uses a non-existent resolver: http","time":"2023-04-07T10:10:15Z"}
{"entryPointName":"http","level":"error","msg":"accept tcp [::]:80: use of closed network connection","time":"2023-04-07T10:21:13Z"}
{"entryPointName":"https","level":"error","msg":"accept tcp [::]:443: use of closed network connection","time":"2023-04-07T10:21:13Z"}
{"entryPointName":"http","level":"error","msg":"middleware \"https-redirect@file\" does not exist","routerName":"app@docker","time":"2023-04-07T10:21:13Z"}
{"entryPointName":"https","level":"error","msg":"middleware \"secured@file\" does not exist","routerName":"app-secure@docker","time":"2023-04-07T10:21:13Z"}
{"level":"error","msg":"the router app-secure uses a non-existent resolver: http","time":"2023-04-07T10:21:13Z"}
{"level":"error","msg":"the router traefik-secure uses a non-existent resolver: http","time":"2023-04-07T10:21:13Z"}
{"level":"error","msg":"Unable to add ACME provider to the providers list: unable to get ACME account: permissions 644 for acme.json are too open, please use 600","time":"2023-04-07T10:21:17Z"}
{"level":"error","msg":"Cannot start the provider *file.Provider: config/config.yml: yaml: line 5: found character that cannot start any token","time":"2023-04-07T10:21:18Z"}
{"entryPointName":"http","level":"error","msg":"middleware \"https-redirect@file\" does not exist","routerName":"app@docker","time":"2023-04-07T10:21:18Z"}
{"entryPointName":"https","level":"error","msg":"middleware \"secured@file\" does not exist","routerName":"app-secure@docker","time":"2023-04-07T10:21:18Z"}
{"level":"error","msg":"the router app-secure uses a non-existent resolver: http","time":"2023-04-07T10:21:19Z"}
{"level":"error","msg":"the router traefik-secure uses a non-existent resolver: http","time":"2023-04-07T10:21:19Z"}
{"entryPointName":"https","level":"error","msg":"accept tcp [::]:443: use of closed network connection","time":"2023-04-07T10:36:28Z"}
{"entryPointName":"http","level":"error","msg":"accept tcp [::]:80: use of closed network connection","time":"2023-04-07T10:36:28Z"}
{"entryPointName":"http","level":"error","msg":"middleware \"https-redirect@file\" does not exist","routerName":"app@docker","time":"2023-04-07T10:36:28Z"}
{"entryPointName":"https","level":"error","msg":"middleware \"secured@file\" does not exist","routerName":"app-secure@docker","time":"2023-04-07T10:36:28Z"}
{"level":"error","msg":"Unable to add ACME provider to the providers list: unable to get ACME account: permissions 644 for acme.json are too open, please use 600","time":"2023-04-07T10:36:32Z"}
{"level":"error","msg":"Cannot start the provider *file.Provider: error reading configuration file: /etc/traefik/traefik-file.yml - open /etc/traefik/traefik-file.yml: no such file or directory","time":"2023-04-07T10:36:33Z"}
{"entryPointName":"http","level":"error","msg":"middleware \"https-redirect@file\" does not exist","routerName":"app@docker","time":"2023-04-07T10:36:33Z"}
{"entryPointName":"https","level":"error","msg":"middleware \"secured@file\" does not exist","routerName":"app-secure@docker","time":"2023-04-07T10:36:33Z"}
{"level":"error","msg":"the router app-secure uses a non-existent resolver: http","time":"2023-04-07T10:36:33Z"}
{"level":"error","msg":"the router traefik-secure uses a non-existent resolver: http","time":"2023-04-07T10:36:33Z"}
{"entryPointName":"http","level":"error","msg":"middleware \"https-redirect@file\" does not exist","routerName":"app@docker","time":"2023-04-07T10:36:35Z"}
{"entryPointName":"https","level":"error","msg":"middleware \"secured@file\" does not exist","routerName":"app-secure@docker","time":"2023-04-07T10:36:35Z"}
{"level":"error","msg":"the router app-secure uses a non-existent resolver: http","time":"2023-04-07T10:36:35Z"}
{"level":"error","msg":"the router traefik-secure uses a non-existent resolver: http","time":"2023-04-07T10:36:35Z"}
{"entryPointName":"https","level":"error","msg":"accept tcp [::]:443: use of closed network connection","time":"2023-04-07T10:44:30Z"}
{"entryPointName":"http","level":"error","msg":"accept tcp [::]:80: use of closed network connection","time":"2023-04-07T10:44:30Z"}
{"entryPointName":"http","level":"error","msg":"middleware \"https-redirect@file\" does not exist","routerName":"app@docker","time":"2023-04-07T10:44:30Z"}
{"entryPointName":"https","level":"error","msg":"middleware \"secured@file\" does not exist","routerName":"app-secure@docker","time":"2023-04-07T10:44:30Z"}
{"level":"error","msg":"Unable to add ACME provider to the providers list: unable to get ACME account: permissions 644 for acme.json are too open, please use 600","time":"2023-04-07T10:44:34Z"}
{"level":"error","msg":"Cannot start the provider *file.Provider: error reading configuration file: /etc/traefik/traefik-file.yml - open /etc/traefik/traefik-file.yml: no such file or directory","time":"2023-04-07T10:44:35Z"}
{"entryPointName":"http","level":"error","msg":"middleware \"https-redirect@file\" does not exist","routerName":"app@docker","time":"2023-04-07T10:44:35Z"}
{"entryPointName":"http","level":"error","msg":"middleware \"https-redirect@file\" does not exist","routerName":"http-catchall@docker","time":"2023-04-07T10:44:35Z"}
{"entryPointName":"https","level":"error","msg":"middleware \"secured@file\" does not exist","routerName":"app-secure@docker","time":"2023-04-07T10:44:35Z"}
{"entryPointName":"https","level":"error","msg":"middleware \"secured@file\" does not exist","routerName":"dashboard@docker","time":"2023-04-07T10:44:35Z"}
{"level":"error","msg":"the router app-secure uses a non-existent resolver: http","time":"2023-04-07T10:44:35Z"}
{"level":"error","msg":"the router traefik-secure uses a non-existent resolver: http","time":"2023-04-07T10:44:35Z"}
{"entryPointName":"https","level":"error","msg":"accept tcp [::]:443: use of closed network connection","time":"2023-04-07T10:49:27Z"}
{"entryPointName":"http","level":"error","msg":"accept tcp [::]:80: use of closed network connection","time":"2023-04-07T10:49:27Z"}
{"level":"error","msg":"Unable to add ACME provider to the providers list: unable to get ACME account: permissions 644 for acme.json are too open, please use 600","time":"2023-04-07T10:49:31Z"}
{"level":"error","msg":"Cannot start the provider *file.Provider: /config/config.yml: yaml: line 5: found character that cannot start any token","time":"2023-04-07T10:49:31Z"}
{"entryPointName":"http","level":"error","msg":"middleware \"https-redirect@file\" does not exist","routerName":"app@docker","time":"2023-04-07T10:49:31Z"}
{"entryPointName":"https","level":"error","msg":"middleware \"secured@file\" does not exist","routerName":"app-secure@docker","time":"2023-04-07T10:49:31Z"}
{"level":"error","msg":"the router traefik-secure uses a non-existent resolver: http","time":"2023-04-07T10:49:32Z"}
{"level":"error","msg":"the router app-secure uses a non-existent resolver: http","time":"2023-04-07T10:49:32Z"}
{"entryPointName":"http","level":"error","msg":"middleware \"https-redirect@file\" does not exist","routerName":"app@docker","time":"2023-04-07T10:49:33Z"}
{"entryPointName":"https","level":"error","msg":"middleware \"secured@file\" does not exist","routerName":"app-secure@docker","time":"2023-04-07T10:49:33Z"}
{"level":"error","msg":"the router traefik-secure uses a non-existent resolver: http","time":"2023-04-07T10:49:34Z"}
{"level":"error","msg":"the router app-secure uses a non-existent resolver: http","time":"2023-04-07T10:49:34Z"}
{"entryPointName":"http","level":"error","msg":"accept tcp [::]:80: use of closed network connection","time":"2023-04-07T10:51:11Z"}
{"level":"error","msg":"Unable to add ACME provider to the providers list: unable to get ACME account: permissions 644 for acme.json are too open, please use 600","time":"2023-04-07T10:51:15Z"}
{"level":"error","msg":"Cannot start the provider *file.Provider: yaml: line 5: found character that cannot start any token","time":"2023-04-07T10:51:16Z"}
{"entryPointName":"http","level":"error","msg":"middleware \"https-redirect@file\" does not exist","routerName":"app@docker","time":"2023-04-07T10:51:16Z"}
{"entryPointName":"https","level":"error","msg":"middleware \"secured@file\" does not exist","routerName":"app-secure@docker","time":"2023-04-07T10:51:16Z"}
{"level":"error","msg":"the router app-secure uses a non-existent resolver: http","time":"2023-04-07T10:51:16Z"}
{"level":"error","msg":"the router traefik-secure uses a non-existent resolver: http","time":"2023-04-07T10:51:16Z"}
{"entryPointName":"http","level":"error","msg":"middleware \"https-redirect@file\" does not exist","routerName":"app@docker","time":"2023-04-07T10:51:18Z"}
{"entryPointName":"https","level":"error","msg":"middleware \"secured@file\" does not exist","routerName":"app-secure@docker","time":"2023-04-07T10:51:18Z"}
{"level":"error","msg":"the router app-secure uses a non-existent resolver: http","time":"2023-04-07T10:51:19Z"}
{"level":"error","msg":"the router traefik-secure uses a non-existent resolver: http","time":"2023-04-07T10:51:19Z"}
{"entryPointName":"https","level":"error","msg":"accept tcp [::]:443: use of closed network connection","time":"2023-04-07T10:53:12Z"}
{"entryPointName":"http","level":"error","msg":"accept tcp [::]:80: use of closed network connection","time":"2023-04-07T10:53:12Z"}
{"level":"error","msg":"Unable to add ACME provider to the providers list: unable to get ACME account: permissions 644 for acme.json are too open, please use 600","time":"2023-04-07T10:53:16Z"}
{"level":"error","msg":"Cannot start the provider *file.Provider: yaml: line 5: found character that cannot start any token","time":"2023-04-07T10:53:17Z"}
{"entryPointName":"http","level":"error","msg":"middleware \"https-redirect@file\" does not exist","routerName":"app@docker","time":"2023-04-07T10:53:17Z"}
{"level":"error","msg":"the router traefik-secure uses a non-existent resolver: http","time":"2023-04-07T10:53:18Z"}
{"level":"error","msg":"the router app-secure uses a non-existent resolver: http","time":"2023-04-07T10:53:18Z"}
{"entryPointName":"https","level":"error","msg":"accept tcp [::]:443: use of closed network connection","time":"2023-04-07T10:58:54Z"}
{"entryPointName":"http","level":"error","msg":"accept tcp [::]:80: use of closed network connection","time":"2023-04-07T10:58:54Z"}
{"level":"error","msg":"Unable to add ACME provider to the providers list: unable to get ACME account: permissions 644 for acme.json are too open, please use 600","time":"2023-04-07T10:58:57Z"}
{"level":"error","msg":"Cannot start the provider *file.Provider: yaml: line 5: found character that cannot start any token","time":"2023-04-07T10:58:58Z"}
{"entryPointName":"http","level":"error","msg":"middleware \"https-redirect@file\" does not exist","routerName":"app@docker","time":"2023-04-07T10:58:58Z"}
{"entryPointName":"https","level":"error","msg":"middleware \"secured@file\" does not exist","routerName":"app-secure@docker","time":"2023-04-07T10:58:58Z"}
{"level":"error","msg":"the router app-secure uses a non-existent resolver: http","time":"2023-04-07T10:58:58Z"}
{"level":"error","msg":"the router traefik-secure uses a non-existent resolver: http","time":"2023-04-07T10:58:58Z"}
{"entryPointName":"https","level":"error","msg":"accept tcp [::]:443: use of closed network connection","time":"2023-04-07T11:00:46Z"}
{"entryPointName":"http","level":"error","msg":"accept tcp [::]:80: use of closed network connection","time":"2023-04-07T11:00:46Z"}
{"level":"error","msg":"Unable to add ACME provider to the providers list: unable to get ACME account: permissions 644 for acme.json are too open, please use 600","time":"2023-04-07T11:00:50Z"}
{"level":"error","msg":"Cannot start the provider *file.Provider: /config/config.yml: yaml: line 5: found character that cannot start any token","time":"2023-04-07T11:00:50Z"}
{"entryPointName":"http","level":"error","msg":"middleware \"https-redirect@file\" does not exist","routerName":"app@docker","time":"2023-04-07T11:00:51Z"}
{"entryPointName":"https","level":"error","msg":"middleware \"secured@file\" does not exist","routerName":"app-secure@docker","time":"2023-04-07T11:00:51Z"}
{"level":"error","msg":"the router traefik-secure uses a non-existent resolver: http","time":"2023-04-07T11:00:51Z"}
{"level":"error","msg":"the router app-secure uses a non-existent resolver: http","time":"2023-04-07T11:00:51Z"}
{"entryPointName":"http","level":"error","msg":"middleware \"https-redirect@file\" does not exist","routerName":"app@docker","time":"2023-04-07T11:00:53Z"}
{"entryPointName":"https","level":"error","msg":"middleware \"secured@file\" does not exist","routerName":"app-secure@docker","time":"2023-04-07T11:00:53Z"}
{"level":"error","msg":"the router traefik-secure uses a non-existent resolver: http","time":"2023-04-07T11:00:54Z"}
{"level":"error","msg":"the router app-secure uses a non-existent resolver: http","time":"2023-04-07T11:00:54Z"}
{"entryPointName":"http","level":"error","msg":"accept tcp [::]:80: use of closed network connection","time":"2023-04-07T11:03:35Z"}
{"entryPointName":"https","level":"error","msg":"accept tcp [::]:443: use of closed network connection","time":"2023-04-07T11:03:35Z"}
{"level":"error","msg":"Unable to add ACME provider to the providers list: unable to get ACME account: permissions 644 for acme.json are too open, please use 600","time":"2023-04-07T11:03:40Z"}
{"level":"error","msg":"Cannot start the provider *file.Provider: yaml: line 5: found character that cannot start any token","time":"2023-04-07T11:03:40Z"}
{"entryPointName":"http","level":"error","msg":"middleware \"https-redirect@file\" does not exist","routerName":"app@docker","time":"2023-04-07T11:03:40Z"}
{"entryPointName":"https","level":"error","msg":"middleware \"secured@file\" does not exist","routerName":"app-secure@docker","time":"2023-04-07T11:03:40Z"}
{"level":"error","msg":"the router app-secure uses a non-existent resolver: http","time":"2023-04-07T11:03:41Z"}
{"level":"error","msg":"the router traefik-secure uses a non-existent resolver: http","time":"2023-04-07T11:03:41Z"}
{"entryPointName":"http","level":"error","msg":"middleware \"https-redirect@file\" does not exist","routerName":"app@docker","time":"2023-04-07T11:03:42Z"}
{"entryPointName":"https","level":"error","msg":"middleware \"secured@file\" does not exist","routerName":"app-secure@docker","time":"2023-04-07T11:03:42Z"}
{"level":"error","msg":"the router app-secure uses a non-existent resolver: http","time":"2023-04-07T11:03:43Z"}
{"level":"error","msg":"the router traefik-secure uses a non-existent resolver: http","time":"2023-04-07T11:03:43Z"}
{"entryPointName":"https","level":"error","msg":"accept tcp [::]:443: use of closed network connection","time":"2023-04-07T11:09:49Z"}
{"entryPointName":"http","level":"error","msg":"accept tcp [::]:80: use of closed network connection","time":"2023-04-07T11:09:49Z"}
{"level":"error","msg":"The ACME resolver \"http\" is skipped from the resolvers list because: unable to get ACME account: permissions 644 for acme.json are too open, please use 600","time":"2023-04-07T11:13:57Z"}
{"level":"error","msg":"Cannot start the provider *file.Provider: yaml: line 5: found character that cannot start any token","time":"2023-04-07T11:13:57Z"}
{"entryPointName":"http","level":"error","msg":"HTTP challenge is not enabled","routerName":"acme-http@internal","time":"2023-04-07T11:13:57Z"}
{"entryPointName":"web","level":"error","msg":"entryPoint \"web\" doesn't exist","routerName":"redirs@docker","time":"2023-04-07T11:13:57Z"}
{"level":"error","msg":"no valid entryPoint for this router","routerName":"redirs@docker","time":"2023-04-07T11:13:57Z"}
{"entryPointName":"http","level":"error","msg":"HTTP challenge is not enabled","routerName":"acme-http@internal","time":"2023-04-07T11:13:57Z"}
{"entryPointName":"websecure","level":"error","msg":"entryPoint \"websecure\" doesn't exist","routerName":"node-server@docker","time":"2023-04-07T11:13:57Z"}
{"level":"error","msg":"no valid entryPoint for this router","routerName":"node-server@docker","time":"2023-04-07T11:13:57Z"}
{"entryPointName":"websecure","level":"error","msg":"entryPoint \"websecure\" doesn't exist","routerName":"node-server@docker","time":"2023-04-07T11:13:57Z"}
{"level":"error","msg":"no valid entryPoint for this router","routerName":"node-server@docker","time":"2023-04-07T11:13:57Z"}
{"level":"error","msg":"the router node-server@docker uses a non-existent resolver: myresolver","time":"2023-04-07T11:13:58Z"}
{"entryPointName":"https","level":"error","msg":"accept tcp [::]:443: use of closed network connection","time":"2023-04-07T11:14:24Z"}
{"entryPointName":"https","level":"error","msg":"Error while starting server: accept tcp [::]:443: use of closed network connection","time":"2023-04-07T11:14:24Z"}
{"entryPointName":"http","level":"error","msg":"accept tcp [::]:80: use of closed network connection","time":"2023-04-07T11:14:24Z"}
{"entryPointName":"http","level":"error","msg":"Error while starting server: accept tcp [::]:80: use of closed network connection","time":"2023-04-07T11:14:24Z"}
{"entryPointName":"https","level":"error","msg":"Error while starting server: http: Server closed","time":"2023-04-07T11:14:24Z"}
{"entryPointName":"http","level":"error","msg":"Error while starting server: http: Server closed","time":"2023-04-07T11:14:24Z"}
{"level":"error","msg":"The ACME resolver \"http\" is skipped from the resolvers list because: unable to get ACME account: permissions 644 for acme.json are too open, please use 600","time":"2023-04-07T11:14:38Z"}
{"level":"error","msg":"Cannot start the provider *file.Provider: yaml: line 5: found character that cannot start any token","time":"2023-04-07T11:14:38Z"}
{"entryPointName":"http","level":"error","msg":"HTTP challenge is not enabled","routerName":"acme-http@internal","time":"2023-04-07T11:14:38Z"}
{"entryPointName":"web","level":"error","msg":"entryPoint \"web\" doesn't exist","routerName":"redirs@docker","time":"2023-04-07T11:14:40Z"}
{"level":"error","msg":"no valid entryPoint for this router","routerName":"redirs@docker","time":"2023-04-07T11:14:40Z"}
{"entryPointName":"http","level":"error","msg":"HTTP challenge is not enabled","routerName":"acme-http@internal","time":"2023-04-07T11:14:40Z"}
{"entryPointName":"websecure","level":"error","msg":"entryPoint \"websecure\" doesn't exist","routerName":"node-server@docker","time":"2023-04-07T11:14:40Z"}
{"level":"error","msg":"no valid entryPoint for this router","routerName":"node-server@docker","time":"2023-04-07T11:14:40Z"}
{"entryPointName":"websecure","level":"error","msg":"entryPoint \"websecure\" doesn't exist","routerName":"node-server@docker","time":"2023-04-07T11:14:40Z"}
{"level":"error","msg":"no valid entryPoint for this router","routerName":"node-server@docker","time":"2023-04-07T11:14:40Z"}
{"level":"error","msg":"the router node-server@docker uses a non-existent resolver: myresolver","time":"2023-04-07T11:14:41Z"}
{"entryPointName":"https","level":"error","msg":"accept tcp [::]:443: use of closed network connection","time":"2023-04-07T11:15:35Z"}
{"entryPointName":"https","level":"error","msg":"Error while starting server: http: Server closed","time":"2023-04-07T11:15:35Z"}
{"entryPointName":"http","level":"error","msg":"accept tcp [::]:80: use of closed network connection","time":"2023-04-07T11:15:35Z"}
{"entryPointName":"http","level":"error","msg":"Error while starting server: http: Server closed","time":"2023-04-07T11:15:35Z"}
{"entryPointName":"https","level":"error","msg":"Error while starting server: http: Server closed","time":"2023-04-07T11:15:35Z"}
{"entryPointName":"http","level":"error","msg":"Error while starting server: http: Server closed","time":"2023-04-07T11:15:35Z"}
{"entryPointName":"http","level":"error","msg":"close tcp [::]:80: use of closed network connection","time":"2023-04-07T11:15:35Z"}
{"entryPointName":"https","level":"error","msg":"close tcp [::]:443: use of closed network connection","time":"2023-04-07T11:15:35Z"}
{"entryPointName":"http","level":"error","msg":"HTTP challenge is not enabled","routerName":"acme-http@internal","time":"2023-04-07T11:15:36Z"}
